#
# There is insufficient memory for the Java Runtime Environment to continue.
# Native memory allocation (malloc) failed to allocate 32744 bytes for ChunkPool::allocate
# Possible reasons:
#   The system is out of physical RAM or swap space
#   The process is running with CompressedOops enabled, and the Java Heap may be blocking the growth of the native heap
# Possible solutions:
#   Reduce memory load on the system
#   Increase physical memory or swap space
#   Check if swap backing store is full
#   Decrease Java heap size (-Xmx/-Xms)
#   Decrease number of Java threads
#   Decrease Java thread stack sizes (-Xss)
#   Set larger code cache with -XX:ReservedCodeCacheSize=
#   JVM is running with Unscaled Compressed Oops mode in which the Java heap is
#     placed in the first 4GB address space. The Java Heap base address is the
#     maximum limit for the native heap growth. Please use -XX:HeapBaseMinAddress
#     to set the Java Heap base and to place the Java Heap above 4GB virtual address.
# This output file may be truncated or incomplete.
#
#  Out of Memory Error (./src/hotspot/share/memory/arena.cpp:81), pid=1772, tid=8516
#
# JRE version: OpenJDK Runtime Environment (11.0.10) (build 11.0.10+0-b96-7249189)
# Java VM: OpenJDK 64-Bit Server VM (11.0.10+0-b96-7249189, mixed mode, tiered, compressed oops, g1 gc, windows-amd64)
# No core dump will be written. Minidumps are not enabled by default on client versions of Windows
#

---------------  S U M M A R Y ------------

Command Line: org.jetbrains.kotlin.cli.jvm.K2JVMCompiler -Xallow-no-source-files -classpath C:\Users\zendaya\AndroidStudioProjects\GummiesKE\build\fluttertoast\intermediates\compile_r_class_jar\debug\R.jar;C:\Users\zendaya\.gradle\caches\transforms-2\files-2.1\b4427d934d40683015263901abb59293\jetified-flutter_embedding_debug-1.0.0-d3ea636dc5d16b56819f3266241e1f708979c233.jar;C:\Users\zendaya\.gradle\caches\modules-2\files-2.1\androidx.lifecycle\lifecycle-common-java8\2.2.0\cd3478503da69b1a7e0319bd2d1389943db9b364\lifecycle-common-java8-2.2.0.jar;C:\Users\zendaya\.gradle\caches\transforms-2\files-2.1\31240ef1ae7e0365e6321699dbee624b\fragment-1.1.0-api.jar;C:\Users\zendaya\.gradle\caches\transforms-2\files-2.1\cc0c54d8dd10de04ecda814197633d8e\jetified-activity-1.0.0-api.jar;C:\Users\zendaya\.gradle\caches\transforms-2\files-2.1\1a56cb1680709fa74c1e508e03dec561\viewpager-1.0.0-api.jar;C:\Users\zendaya\.gradle\caches\transforms-2\files-2.1\694551794b2cc74a9b1b00398ddd5ef8\loader-1.0.0-api.jar;C:\Users\zendaya\.gradle\caches\transforms-2\files-2.1\e661fda004dfb1a4dca45a145fecd638\customview-1.0.0-api.jar;C:\Users\zendaya\.gradle\caches\transforms-2\files-2.1\8cbddcd0666f6a808f43c5273d8b1e81\core-1.1.0-api.jar;C:\Users\zendaya\.gradle\caches\transforms-2\files-2.1\d9e80541c77196ed6414b8ed2324cd38\lifecycle-runtime-2.2.0-api.jar;C:\Users\zendaya\.gradle\caches\transforms-2\files-2.1\98a41cd290c2c15eb7cba5f731b79ad4\jetified-savedstate-1.0.0-api.jar;C:\Users\zendaya\.gradle\caches\transforms-2\files-2.1\86cd6fad239680af23eb8ff13790ea09\lifecycle-livedata-2.0.0-api.jar;C:\Users\zendaya\.gradle\caches\transforms-2\files-2.1\33ee64a2c6a5e488f30e1f2b0b675365\lifecycle-livedata-core-2.0.0-api.jar;C:\Users\zendaya\.gradle\caches\modules-2\files-2.1\androidx.lifecycle\lifecycle-common\2.2.0\4ef09a745007778eef83b92f8f23987a8ea59496\lifecycle-common-2.2.0.jar;C:\Users\zendaya\.gradle\caches\transforms-2\files-2.1\353fae10062ae25ce77775e4a7e46aba\core-runtime-2.0.0-api.jar;C:\Users\zendaya\.gradle\caches\modules-2\files-2.1\androidx.arch.core\core-common\2.1.0\b3152fc64428c9354344bd89848ecddc09b6f07e\core-common-2.1.0.jar;C:\Users\zendaya\.gradle\caches\transforms-2\files-2.1\4554c118f41821f1a1ff44d65bf09902\versionedparcelable-1.1.0-api.jar;C:\Users\zendaya\.gradle\caches\modules-2\files-2.1\androidx.collection\collection\1.1.0\1f27220b47669781457de0d600849a5de0e89909\collection-1.1.0.jar;C:\Users\zendaya\.gradle\caches\transforms-2\files-2.1\2b70c360cfd74ab897630308732c49cf\lifecycle-viewmodel-2.1.0-api.jar;C:\Users\zendaya\.gradle\caches\modules-2\files-2.1\androidx.annotation\annotation\1.1.0\e3a6fb2f40e3a3842e6b7472628ba4ce416ea4c8\annotation-1.1.0.jar;C:\Users\zendaya\.gradle\caches\transforms-2\files-2.1\6697cfdd11e9fefb1f002637ca986f5e\jetified-kotlin-stdlib-jdk7-1.3.50.jar;C:\Users\zendaya\.gradle\caches\transforms-2\files-2.1\aa48591568018e27fbbfd58c8ab4f3a5\jetified-kotlin-stdlib-1.3.50.jar;C:\Users\zendaya\.gradle\caches\transforms-2\files-2.1\dfb001feea1636c96c049690d52e137c\jetified-kotlin-stdlib-common-1.3.50.jar;C:\Users\zendaya\.gradle\caches\transforms-2\files-2.1\9f6f0b8e84065942bc807d82087eeefd\jetified-annotations-13.0.jar;C:\Users\zendaya\AppData\Local\Android\sdk\platforms\android-30\android.jar -d C:\Users\zendaya\AndroidStudioProjects\GummiesKE\build\fluttertoast\tmp\kotlin-classes\debug -Xjava-source-roots=C:\Users\zendaya\AndroidStudioProjects\GummiesKE\build\fluttertoast\generated\source\buildConfig\debug -module-name fluttertoast_debug -no-jdk -no-reflect -no-stdlib -Xcommon-sources=C:\flutter\.pub-cache\hosted\pub.dartlang.org\fluttertoast-8.0.8\android\src\main\kotlin\io\github\ponnamkarthik\toast\fluttertoast\FlutterToastPlugin.kt,C:\flutter\.pub-cache\hosted\pub.dartlang.org\fluttertoast-8.0.8\android\src\main\kotlin\io\github\ponnamkarthik\toast\fluttertoast\MethodCallHandlerImpl.kt C:\flutter\.pub-cache\hosted\pub.dartlang.org\fluttertoast-8.0.8\android\src\main\kotlin\io\github\ponnamkarthik\toast\fluttertoast\FlutterToastPlugin.kt C:\flutter\.pub-cache\hosted\pub.dartlang.org\fluttertoast-8.0.8\android\src\main\kotlin\io\github\ponnamkarthik\toast\fluttertoast\MethodCallHandlerImpl.kt

Host: Intel(R) Core(TM) i7-4600U CPU @ 2.10GHz, 4 cores, 7G,  Windows 10 , 64 bit Build 19041 (10.0.19041.1348)
Time: Mon Dec 13 12:47:04 2021 E. Africa Standard Time elapsed time: 6.680570 seconds (0d 0h 0m 6s)

---------------  T H R E A D  ---------------

Current thread (0x000002257408e000):  JavaThread "C2 CompilerThread1" daemon [_thread_in_native, id=8516, stack(0x0000008c38f00000,0x0000008c39000000)]


Current CompileTask:
C2:   6680 5074       4       jdk.internal.loader.BuiltinClassLoader::loadClassOrNull (7 bytes)

Stack: [0x0000008c38f00000,0x0000008c39000000]
Native frames: (J=compiled Java code, j=interpreted, Vv=VM code, C=native code)
V  [jvm.dll+0x5ecfaa]
V  [jvm.dll+0x722bd5]
V  [jvm.dll+0x72412d]
V  [jvm.dll+0x7247e3]
V  [jvm.dll+0x242928]
V  [jvm.dll+0xbc75b]
V  [jvm.dll+0xbca0c]
V  [jvm.dll+0x358676]
V  [jvm.dll+0x357ef1]
V  [jvm.dll+0x357f34]
V  [jvm.dll+0x4e9fbe]
V  [jvm.dll+0x4ea6e6]
V  [jvm.dll+0x320b02]
V  [jvm.dll+0x31ffca]
V  [jvm.dll+0x1fb602]
V  [jvm.dll+0x1fa7f4]
V  [jvm.dll+0x18354c]
V  [jvm.dll+0x208ee7]
V  [jvm.dll+0x207731]
V  [jvm.dll+0x6eb1cf]
V  [jvm.dll+0x6e3d45]
V  [jvm.dll+0x5ebe96]
C  [ucrtbase.dll+0x21bb2]
C  [KERNEL32.DLL+0x17034]
C  [ntdll.dll+0x52651]


---------------  P R O C E S S  ---------------

Threads class SMR info:
_java_thread_list=0x0000022573f55130, length=11, elements={
0x0000022558397800, 0x0000022571e91800, 0x0000022571e92800, 0x0000022572812800,
0x0000022571eaf800, 0x0000022571eb0800, 0x0000022571eb8800, 0x0000022571eba000,
0x0000022571ec6800, 0x000002257296a000, 0x000002257408e000
}

Java Threads: ( => current thread )
  0x0000022558397800 JavaThread "main" [_thread_in_vm, id=5868, stack(0x0000008c37e00000,0x0000008c37f00000)]
  0x0000022571e91800 JavaThread "Reference Handler" daemon [_thread_blocked, id=4268, stack(0x0000008c38500000,0x0000008c38600000)]
  0x0000022571e92800 JavaThread "Finalizer" daemon [_thread_blocked, id=3828, stack(0x0000008c38600000,0x0000008c38700000)]
  0x0000022572812800 JavaThread "Signal Dispatcher" daemon [_thread_blocked, id=11416, stack(0x0000008c38700000,0x0000008c38800000)]
  0x0000022571eaf800 JavaThread "Attach Listener" daemon [_thread_blocked, id=8652, stack(0x0000008c38800000,0x0000008c38900000)]
  0x0000022571eb0800 JavaThread "Service Thread" daemon [_thread_blocked, id=6764, stack(0x0000008c38900000,0x0000008c38a00000)]
  0x0000022571eb8800 JavaThread "C2 CompilerThread0" daemon [_thread_in_native, id=11928, stack(0x0000008c38a00000,0x0000008c38b00000)]
  0x0000022571eba000 JavaThread "C1 CompilerThread0" daemon [_thread_in_native, id=7984, stack(0x0000008c38b00000,0x0000008c38c00000)]
  0x0000022571ec6800 JavaThread "Sweeper thread" daemon [_thread_blocked, id=11960, stack(0x0000008c38c00000,0x0000008c38d00000)]
  0x000002257296a000 JavaThread "Common-Cleaner" daemon [_thread_blocked, id=8672, stack(0x0000008c38e00000,0x0000008c38f00000)]
=>0x000002257408e000 JavaThread "C2 CompilerThread1" daemon [_thread_in_native, id=8516, stack(0x0000008c38f00000,0x0000008c39000000)]

Other Threads:
  0x0000022571e6a000 VMThread "VM Thread" [stack: 0x0000008c38400000,0x0000008c38500000] [id=3560]
  0x0000022572963800 WatcherThread [stack: 0x0000008c38d00000,0x0000008c38e00000] [id=6788]
  0x00000225583af000 GCTaskThread "GC Thread#0" [stack: 0x0000008c37f00000,0x0000008c38000000] [id=6724]
  0x0000022572d15800 GCTaskThread "GC Thread#1" [stack: 0x0000008c39000000,0x0000008c39100000] [id=3732]
  0x0000022572da9000 GCTaskThread "GC Thread#2" [stack: 0x0000008c39100000,0x0000008c39200000] [id=7816]
  0x00000225583e0000 ConcurrentGCThread "G1 Main Marker" [stack: 0x0000008c38000000,0x0000008c38100000] [id=8700]
  0x00000225583e1000 ConcurrentGCThread "G1 Conc#0" [stack: 0x0000008c38100000,0x0000008c38200000] [id=4600]
  0x0000022558462000 ConcurrentGCThread "G1 Refine#0" [stack: 0x0000008c38200000,0x0000008c38300000] [id=11816]
  0x0000022571ce0800 ConcurrentGCThread "G1 Young RemSet Sampling" [stack: 0x0000008c38300000,0x0000008c38400000] [id=1556]

Threads with active compile tasks:
C2 CompilerThread0   6708 5189       4       java.lang.ClassLoader::loadClass (7 bytes)
C1 CompilerThread0   6708 5365       3       org.jetbrains.kotlin.cfg.ControlFlowInformationProvider$checkWhenExpressions$1::invoke (828 bytes)
C2 CompilerThread1   6708 5074       4       jdk.internal.loader.BuiltinClassLoader::loadClassOrNull (7 bytes)

VM state:not at safepoint (normal execution)

VM Mutex/Monitor currently owned by a thread: None

Heap address: 0x0000000081e00000, size: 2018 MB, Compressed Oops mode: 32-bit
Narrow klass base: 0x0000000000000000, Narrow klass shift: 3
Compressed class space size: 1073741824 Address: 0x0000000100000000

Heap:
 garbage-first heap   total 157696K, used 45172K [0x0000000081e00000, 0x0000000100000000)
  region size 1024K, 29 young (29696K), 9 survivors (9216K)
 Metaspace       used 49446K, capacity 49919K, committed 50076K, reserved 1093632K
  class space    used 5789K, capacity 5988K, committed 6124K, reserved 1048576K
Heap Regions: E=young(eden), S=young(survivor), O=old, HS=humongous(starts), HC=humongous(continues), CS=collection set, F=free, A=archive, TAMS=top-at-mark-start (previous, next)
|   0|0x0000000081e00000, 0x0000000081f00000, 0x0000000081f00000|100%|HS|  |TAMS 0x0000000081f00000, 0x0000000081e00000| Complete 
|   1|0x0000000081f00000, 0x0000000082000000, 0x0000000082000000|100%|HC|  |TAMS 0x0000000082000000, 0x0000000081f00000| Complete 
|   2|0x0000000082000000, 0x0000000082100000, 0x0000000082100000|100%|HC|  |TAMS 0x0000000082100000, 0x0000000082000000| Complete 
|   3|0x0000000082100000, 0x0000000082200000, 0x0000000082200000|100%| O|  |TAMS 0x0000000082200000, 0x0000000082100000| Untracked 
|   4|0x0000000082200000, 0x0000000082300000, 0x0000000082300000|100%| O|  |TAMS 0x0000000082300000, 0x0000000082200000| Untracked 
|   5|0x0000000082300000, 0x0000000082400000, 0x0000000082400000|100%| O|  |TAMS 0x0000000082400000, 0x0000000082300000| Untracked 
|   6|0x0000000082400000, 0x0000000082500000, 0x0000000082500000|100%| O|  |TAMS 0x0000000082500000, 0x0000000082400000| Untracked 
|   7|0x0000000082500000, 0x0000000082600000, 0x0000000082600000|100%| O|  |TAMS 0x0000000082600000, 0x0000000082500000| Untracked 
|   8|0x0000000082600000, 0x0000000082700000, 0x0000000082700000|100%|HS|  |TAMS 0x0000000082700000, 0x0000000082600000| Complete 
|   9|0x0000000082700000, 0x0000000082800000, 0x0000000082800000|100%|HC|  |TAMS 0x0000000082800000, 0x0000000082700000| Complete 
|  10|0x0000000082800000, 0x0000000082900000, 0x0000000082900000|100%| O|  |TAMS 0x0000000082900000, 0x0000000082800000| Untracked 
|  11|0x0000000082900000, 0x0000000082a00000, 0x0000000082a00000|100%| O|  |TAMS 0x0000000082a00000, 0x0000000082900000| Untracked 
|  12|0x0000000082a00000, 0x0000000082b00000, 0x0000000082b00000|100%| O|  |TAMS 0x0000000082b00000, 0x0000000082a00000| Untracked 
|  13|0x0000000082b00000, 0x0000000082c00000, 0x0000000082c00000|100%| O|  |TAMS 0x0000000082c00000, 0x0000000082b00000| Untracked 
|  14|0x0000000082c00000, 0x0000000082d00000, 0x0000000082d00000|100%| O|  |TAMS 0x0000000082d00000, 0x0000000082c00000| Untracked 
|  15|0x0000000082d00000, 0x0000000082e00000, 0x0000000082e00000|100%| O|  |TAMS 0x0000000082e00000, 0x0000000082d00000| Untracked 
|  16|0x0000000082e00000, 0x0000000082ec4c00, 0x0000000082f00000| 76%| O|  |TAMS 0x0000000082ec4a08, 0x0000000082e00000| Untracked 
|  17|0x0000000082f00000, 0x0000000082f00000, 0x0000000083000000|  0%| F|  |TAMS 0x0000000082f00000, 0x0000000082f00000| Untracked 
|  18|0x0000000083000000, 0x0000000083000000, 0x0000000083100000|  0%| F|  |TAMS 0x0000000083000000, 0x0000000083000000| Untracked 
|  19|0x0000000083100000, 0x0000000083100000, 0x0000000083200000|  0%| F|  |TAMS 0x0000000083100000, 0x0000000083100000| Untracked 
|  20|0x0000000083200000, 0x0000000083200000, 0x0000000083300000|  0%| F|  |TAMS 0x0000000083200000, 0x0000000083200000| Untracked 
|  21|0x0000000083300000, 0x0000000083300000, 0x0000000083400000|  0%| F|  |TAMS 0x0000000083300000, 0x0000000083300000| Untracked 
|  22|0x0000000083400000, 0x0000000083400000, 0x0000000083500000|  0%| F|  |TAMS 0x0000000083400000, 0x0000000083400000| Untracked 
|  23|0x0000000083500000, 0x0000000083500000, 0x0000000083600000|  0%| F|  |TAMS 0x0000000083500000, 0x0000000083500000| Untracked 
|  24|0x0000000083600000, 0x0000000083600000, 0x0000000083700000|  0%| F|  |TAMS 0x0000000083600000, 0x0000000083600000| Untracked 
|  25|0x0000000083700000, 0x0000000083700000, 0x0000000083800000|  0%| F|  |TAMS 0x0000000083700000, 0x0000000083700000| Untracked 
|  26|0x0000000083800000, 0x0000000083800000, 0x0000000083900000|  0%| F|  |TAMS 0x0000000083800000, 0x0000000083800000| Untracked 
|  27|0x0000000083900000, 0x0000000083900000, 0x0000000083a00000|  0%| F|  |TAMS 0x0000000083900000, 0x0000000083900000| Untracked 
|  28|0x0000000083a00000, 0x0000000083a00000, 0x0000000083b00000|  0%| F|  |TAMS 0x0000000083a00000, 0x0000000083a00000| Untracked 
|  29|0x0000000083b00000, 0x0000000083b00000, 0x0000000083c00000|  0%| F|  |TAMS 0x0000000083b00000, 0x0000000083b00000| Untracked 
|  30|0x0000000083c00000, 0x0000000083c00000, 0x0000000083d00000|  0%| F|  |TAMS 0x0000000083c00000, 0x0000000083c00000| Untracked 
|  31|0x0000000083d00000, 0x0000000083d00000, 0x0000000083e00000|  0%| F|  |TAMS 0x0000000083d00000, 0x0000000083d00000| Untracked 
|  32|0x0000000083e00000, 0x0000000083e00000, 0x0000000083f00000|  0%| F|  |TAMS 0x0000000083e00000, 0x0000000083e00000| Untracked 
|  33|0x0000000083f00000, 0x0000000083f00000, 0x0000000084000000|  0%| F|  |TAMS 0x0000000083f00000, 0x0000000083f00000| Untracked 
|  34|0x0000000084000000, 0x0000000084000000, 0x0000000084100000|  0%| F|  |TAMS 0x0000000084000000, 0x0000000084000000| Untracked 
|  35|0x0000000084100000, 0x0000000084100000, 0x0000000084200000|  0%| F|  |TAMS 0x0000000084100000, 0x0000000084100000| Untracked 
|  36|0x0000000084200000, 0x0000000084200000, 0x0000000084300000|  0%| F|  |TAMS 0x0000000084200000, 0x0000000084200000| Untracked 
|  37|0x0000000084300000, 0x0000000084300000, 0x0000000084400000|  0%| F|  |TAMS 0x0000000084300000, 0x0000000084300000| Untracked 
|  38|0x0000000084400000, 0x0000000084400000, 0x0000000084500000|  0%| F|  |TAMS 0x0000000084400000, 0x0000000084400000| Untracked 
|  39|0x0000000084500000, 0x0000000084500000, 0x0000000084600000|  0%| F|  |TAMS 0x0000000084500000, 0x0000000084500000| Untracked 
|  40|0x0000000084600000, 0x0000000084600000, 0x0000000084700000|  0%| F|  |TAMS 0x0000000084600000, 0x0000000084600000| Untracked 
|  41|0x0000000084700000, 0x0000000084700000, 0x0000000084800000|  0%| F|  |TAMS 0x0000000084700000, 0x0000000084700000| Untracked 
|  42|0x0000000084800000, 0x0000000084800000, 0x0000000084900000|  0%| F|  |TAMS 0x0000000084800000, 0x0000000084800000| Untracked 
|  43|0x0000000084900000, 0x00000000849585d0, 0x0000000084a00000| 34%| S|CS|TAMS 0x0000000084900000, 0x0000000084900000| Complete 
|  44|0x0000000084a00000, 0x0000000084b00000, 0x0000000084b00000|100%| S|CS|TAMS 0x0000000084a00000, 0x0000000084a00000| Complete 
|  45|0x0000000084b00000, 0x0000000084c00000, 0x0000000084c00000|100%| S|CS|TAMS 0x0000000084b00000, 0x0000000084b00000| Complete 
|  46|0x0000000084c00000, 0x0000000084d00000, 0x0000000084d00000|100%| S|CS|TAMS 0x0000000084c00000, 0x0000000084c00000| Complete 
|  47|0x0000000084d00000, 0x0000000084e00000, 0x0000000084e00000|100%| S|CS|TAMS 0x0000000084d00000, 0x0000000084d00000| Complete 
|  48|0x0000000084e00000, 0x0000000084f00000, 0x0000000084f00000|100%| S|CS|TAMS 0x0000000084e00000, 0x0000000084e00000| Complete 
|  49|0x0000000084f00000, 0x0000000085000000, 0x0000000085000000|100%| S|CS|TAMS 0x0000000084f00000, 0x0000000084f00000| Complete 
|  50|0x0000000085000000, 0x0000000085100000, 0x0000000085100000|100%| S|CS|TAMS 0x0000000085000000, 0x0000000085000000| Complete 
|  51|0x0000000085100000, 0x0000000085200000, 0x0000000085200000|100%| S|CS|TAMS 0x0000000085100000, 0x0000000085100000| Complete 
|  52|0x0000000085200000, 0x0000000085200000, 0x0000000085300000|  0%| F|  |TAMS 0x0000000085200000, 0x0000000085200000| Untracked 
|  53|0x0000000085300000, 0x0000000085300000, 0x0000000085400000|  0%| F|  |TAMS 0x0000000085300000, 0x0000000085300000| Untracked 
|  54|0x0000000085400000, 0x0000000085400000, 0x0000000085500000|  0%| F|  |TAMS 0x0000000085400000, 0x0000000085400000| Untracked 
|  55|0x0000000085500000, 0x0000000085500000, 0x0000000085600000|  0%| F|  |TAMS 0x0000000085500000, 0x0000000085500000| Untracked 
|  56|0x0000000085600000, 0x0000000085600000, 0x0000000085700000|  0%| F|  |TAMS 0x0000000085600000, 0x0000000085600000| Untracked 
|  57|0x0000000085700000, 0x0000000085700000, 0x0000000085800000|  0%| F|  |TAMS 0x0000000085700000, 0x0000000085700000| Untracked 
|  58|0x0000000085800000, 0x0000000085800000, 0x0000000085900000|  0%| F|  |TAMS 0x0000000085800000, 0x0000000085800000| Untracked 
|  59|0x0000000085900000, 0x0000000085900000, 0x0000000085a00000|  0%| F|  |TAMS 0x0000000085900000, 0x0000000085900000| Untracked 
|  60|0x0000000085a00000, 0x0000000085a00000, 0x0000000085b00000|  0%| F|  |TAMS 0x0000000085a00000, 0x0000000085a00000| Untracked 
|  61|0x0000000085b00000, 0x0000000085b00000, 0x0000000085c00000|  0%| F|  |TAMS 0x0000000085b00000, 0x0000000085b00000| Untracked 
|  62|0x0000000085c00000, 0x0000000085c00000, 0x0000000085d00000|  0%| F|  |TAMS 0x0000000085c00000, 0x0000000085c00000| Untracked 
|  63|0x0000000085d00000, 0x0000000085d00000, 0x0000000085e00000|  0%| F|  |TAMS 0x0000000085d00000, 0x0000000085d00000| Untracked 
|  64|0x0000000085e00000, 0x0000000085e00000, 0x0000000085f00000|  0%| F|  |TAMS 0x0000000085e00000, 0x0000000085e00000| Untracked 
|  65|0x0000000085f00000, 0x0000000085f00000, 0x0000000086000000|  0%| F|  |TAMS 0x0000000085f00000, 0x0000000085f00000| Untracked 
|  66|0x0000000086000000, 0x0000000086000000, 0x0000000086100000|  0%| F|  |TAMS 0x0000000086000000, 0x0000000086000000| Untracked 
|  67|0x0000000086100000, 0x0000000086100000, 0x0000000086200000|  0%| F|  |TAMS 0x0000000086100000, 0x0000000086100000| Untracked 
|  68|0x0000000086200000, 0x0000000086200000, 0x0000000086300000|  0%| F|  |TAMS 0x0000000086200000, 0x0000000086200000| Untracked 
|  69|0x0000000086300000, 0x0000000086300000, 0x0000000086400000|  0%| F|  |TAMS 0x0000000086300000, 0x0000000086300000| Untracked 
|  70|0x0000000086400000, 0x0000000086400000, 0x0000000086500000|  0%| F|  |TAMS 0x0000000086400000, 0x0000000086400000| Untracked 
|  71|0x0000000086500000, 0x0000000086500000, 0x0000000086600000|  0%| F|  |TAMS 0x0000000086500000, 0x0000000086500000| Untracked 
|  72|0x0000000086600000, 0x0000000086600000, 0x0000000086700000|  0%| F|  |TAMS 0x0000000086600000, 0x0000000086600000| Untracked 
|  73|0x0000000086700000, 0x0000000086700000, 0x0000000086800000|  0%| F|  |TAMS 0x0000000086700000, 0x0000000086700000| Untracked 
|  74|0x0000000086800000, 0x0000000086800000, 0x0000000086900000|  0%| F|  |TAMS 0x0000000086800000, 0x0000000086800000| Untracked 
|  75|0x0000000086900000, 0x0000000086900000, 0x0000000086a00000|  0%| F|  |TAMS 0x0000000086900000, 0x0000000086900000| Untracked 
|  76|0x0000000086a00000, 0x0000000086a00000, 0x0000000086b00000|  0%| F|  |TAMS 0x0000000086a00000, 0x0000000086a00000| Untracked 
|  77|0x0000000086b00000, 0x0000000086b00000, 0x0000000086c00000|  0%| F|  |TAMS 0x0000000086b00000, 0x0000000086b00000| Untracked 
|  78|0x0000000086c00000, 0x0000000086c00000, 0x0000000086d00000|  0%| F|  |TAMS 0x0000000086c00000, 0x0000000086c00000| Untracked 
|  79|0x0000000086d00000, 0x0000000086d00000, 0x0000000086e00000|  0%| F|  |TAMS 0x0000000086d00000, 0x0000000086d00000| Untracked 
|  80|0x0000000086e00000, 0x0000000086e00000, 0x0000000086f00000|  0%| F|  |TAMS 0x0000000086e00000, 0x0000000086e00000| Untracked 
|  81|0x0000000086f00000, 0x0000000086f00000, 0x0000000087000000|  0%| F|  |TAMS 0x0000000086f00000, 0x0000000086f00000| Untracked 
|  82|0x0000000087000000, 0x0000000087000000, 0x0000000087100000|  0%| F|  |TAMS 0x0000000087000000, 0x0000000087000000| Untracked 
|  83|0x0000000087100000, 0x0000000087100000, 0x0000000087200000|  0%| F|  |TAMS 0x0000000087100000, 0x0000000087100000| Untracked 
|  84|0x0000000087200000, 0x0000000087200000, 0x0000000087300000|  0%| F|  |TAMS 0x0000000087200000, 0x0000000087200000| Untracked 
|  85|0x0000000087300000, 0x0000000087300000, 0x0000000087400000|  0%| F|  |TAMS 0x0000000087300000, 0x0000000087300000| Untracked 
|  86|0x0000000087400000, 0x0000000087400000, 0x0000000087500000|  0%| F|  |TAMS 0x0000000087400000, 0x0000000087400000| Untracked 
|  87|0x0000000087500000, 0x0000000087500000, 0x0000000087600000|  0%| F|  |TAMS 0x0000000087500000, 0x0000000087500000| Untracked 
|  88|0x0000000087600000, 0x0000000087600000, 0x0000000087700000|  0%| F|  |TAMS 0x0000000087600000, 0x0000000087600000| Untracked 
|  89|0x0000000087700000, 0x0000000087700000, 0x0000000087800000|  0%| F|  |TAMS 0x0000000087700000, 0x0000000087700000| Untracked 
|  90|0x0000000087800000, 0x0000000087800000, 0x0000000087900000|  0%| F|  |TAMS 0x0000000087800000, 0x0000000087800000| Untracked 
|  91|0x0000000087900000, 0x0000000087900000, 0x0000000087a00000|  0%| F|  |TAMS 0x0000000087900000, 0x0000000087900000| Untracked 
|  92|0x0000000087a00000, 0x0000000087a00000, 0x0000000087b00000|  0%| F|  |TAMS 0x0000000087a00000, 0x0000000087a00000| Untracked 
|  93|0x0000000087b00000, 0x0000000087b00000, 0x0000000087c00000|  0%| F|  |TAMS 0x0000000087b00000, 0x0000000087b00000| Untracked 
|  94|0x0000000087c00000, 0x0000000087c00000, 0x0000000087d00000|  0%| F|  |TAMS 0x0000000087c00000, 0x0000000087c00000| Untracked 
|  95|0x0000000087d00000, 0x0000000087d00000, 0x0000000087e00000|  0%| F|  |TAMS 0x0000000087d00000, 0x0000000087d00000| Untracked 
|  96|0x0000000087e00000, 0x0000000087e00000, 0x0000000087f00000|  0%| F|  |TAMS 0x0000000087e00000, 0x0000000087e00000| Untracked 
|  97|0x0000000087f00000, 0x0000000087f00000, 0x0000000088000000|  0%| F|  |TAMS 0x0000000087f00000, 0x0000000087f00000| Untracked 
|  98|0x0000000088000000, 0x0000000088000000, 0x0000000088100000|  0%| F|  |TAMS 0x0000000088000000, 0x0000000088000000| Untracked 
|  99|0x0000000088100000, 0x0000000088100000, 0x0000000088200000|  0%| F|  |TAMS 0x0000000088100000, 0x0000000088100000| Untracked 
| 100|0x0000000088200000, 0x0000000088200000, 0x0000000088300000|  0%| F|  |TAMS 0x0000000088200000, 0x0000000088200000| Untracked 
| 101|0x0000000088300000, 0x0000000088300000, 0x0000000088400000|  0%| F|  |TAMS 0x0000000088300000, 0x0000000088300000| Untracked 
| 102|0x0000000088400000, 0x0000000088400000, 0x0000000088500000|  0%| F|  |TAMS 0x0000000088400000, 0x0000000088400000| Untracked 
| 103|0x0000000088500000, 0x0000000088500000, 0x0000000088600000|  0%| F|  |TAMS 0x0000000088500000, 0x0000000088500000| Untracked 
| 104|0x0000000088600000, 0x0000000088600000, 0x0000000088700000|  0%| F|  |TAMS 0x0000000088600000, 0x0000000088600000| Untracked 
| 105|0x0000000088700000, 0x0000000088700000, 0x0000000088800000|  0%| F|  |TAMS 0x0000000088700000, 0x0000000088700000| Untracked 
| 106|0x0000000088800000, 0x0000000088800000, 0x0000000088900000|  0%| F|  |TAMS 0x0000000088800000, 0x0000000088800000| Untracked 
| 107|0x0000000088900000, 0x0000000088900000, 0x0000000088a00000|  0%| F|  |TAMS 0x0000000088900000, 0x0000000088900000| Untracked 
| 108|0x0000000088a00000, 0x0000000088a00000, 0x0000000088b00000|  0%| F|  |TAMS 0x0000000088a00000, 0x0000000088a00000| Untracked 
| 109|0x0000000088b00000, 0x0000000088b00000, 0x0000000088c00000|  0%| F|  |TAMS 0x0000000088b00000, 0x0000000088b00000| Untracked 
| 110|0x0000000088c00000, 0x0000000088c00000, 0x0000000088d00000|  0%| F|  |TAMS 0x0000000088c00000, 0x0000000088c00000| Untracked 
| 111|0x0000000088d00000, 0x0000000088d00000, 0x0000000088e00000|  0%| F|  |TAMS 0x0000000088d00000, 0x0000000088d00000| Untracked 
| 112|0x0000000088e00000, 0x0000000088e00000, 0x0000000088f00000|  0%| F|  |TAMS 0x0000000088e00000, 0x0000000088e00000| Untracked 
| 113|0x0000000088f00000, 0x0000000088f00000, 0x0000000089000000|  0%| F|  |TAMS 0x0000000088f00000, 0x0000000088f00000| Untracked 
| 114|0x0000000089000000, 0x0000000089000000, 0x0000000089100000|  0%| F|  |TAMS 0x0000000089000000, 0x0000000089000000| Untracked 
| 115|0x0000000089100000, 0x0000000089100000, 0x0000000089200000|  0%| F|  |TAMS 0x0000000089100000, 0x0000000089100000| Untracked 
| 116|0x0000000089200000, 0x0000000089200000, 0x0000000089300000|  0%| F|  |TAMS 0x0000000089200000, 0x0000000089200000| Untracked 
| 117|0x0000000089300000, 0x0000000089300000, 0x0000000089400000|  0%| F|  |TAMS 0x0000000089300000, 0x0000000089300000| Untracked 
| 118|0x0000000089400000, 0x0000000089400000, 0x0000000089500000|  0%| F|  |TAMS 0x0000000089400000, 0x0000000089400000| Untracked 
| 119|0x0000000089500000, 0x0000000089500000, 0x0000000089600000|  0%| F|  |TAMS 0x0000000089500000, 0x0000000089500000| Untracked 
| 120|0x0000000089600000, 0x0000000089600000, 0x0000000089700000|  0%| F|  |TAMS 0x0000000089600000, 0x0000000089600000| Untracked 
| 121|0x0000000089700000, 0x0000000089700000, 0x0000000089800000|  0%| F|  |TAMS 0x0000000089700000, 0x0000000089700000| Untracked 
| 122|0x0000000089800000, 0x0000000089800000, 0x0000000089900000|  0%| F|  |TAMS 0x0000000089800000, 0x0000000089800000| Untracked 
| 123|0x0000000089900000, 0x0000000089900000, 0x0000000089a00000|  0%| F|  |TAMS 0x0000000089900000, 0x0000000089900000| Untracked 
| 124|0x0000000089a00000, 0x0000000089a00000, 0x0000000089b00000|  0%| F|  |TAMS 0x0000000089a00000, 0x0000000089a00000| Untracked 
| 125|0x0000000089b00000, 0x0000000089b00000, 0x0000000089c00000|  0%| F|  |TAMS 0x0000000089b00000, 0x0000000089b00000| Untracked 
| 126|0x0000000089c00000, 0x0000000089c00000, 0x0000000089d00000|  0%| F|  |TAMS 0x0000000089c00000, 0x0000000089c00000| Untracked 
| 127|0x0000000089d00000, 0x0000000089d00000, 0x0000000089e00000|  0%| F|  |TAMS 0x0000000089d00000, 0x0000000089d00000| Untracked 
| 128|0x0000000089e00000, 0x0000000089e00000, 0x0000000089f00000|  0%| F|  |TAMS 0x0000000089e00000, 0x0000000089e00000| Untracked 
| 129|0x0000000089f00000, 0x0000000089f00000, 0x000000008a000000|  0%| F|  |TAMS 0x0000000089f00000, 0x0000000089f00000| Untracked 
| 130|0x000000008a000000, 0x000000008a000000, 0x000000008a100000|  0%| F|  |TAMS 0x000000008a000000, 0x000000008a000000| Untracked 
| 131|0x000000008a100000, 0x000000008a100000, 0x000000008a200000|  0%| F|  |TAMS 0x000000008a100000, 0x000000008a100000| Untracked 
| 132|0x000000008a200000, 0x000000008a200000, 0x000000008a300000|  0%| F|  |TAMS 0x000000008a200000, 0x000000008a200000| Untracked 
| 133|0x000000008a300000, 0x000000008a300000, 0x000000008a400000|  0%| F|  |TAMS 0x000000008a300000, 0x000000008a300000| Untracked 
| 134|0x000000008a400000, 0x000000008a500000, 0x000000008a500000|100%| E|  |TAMS 0x000000008a400000, 0x000000008a400000| Complete 
| 135|0x000000008a500000, 0x000000008a600000, 0x000000008a600000|100%| E|CS|TAMS 0x000000008a500000, 0x000000008a500000| Complete 
| 136|0x000000008a600000, 0x000000008a700000, 0x000000008a700000|100%| E|CS|TAMS 0x000000008a600000, 0x000000008a600000| Complete 
| 137|0x000000008a700000, 0x000000008a800000, 0x000000008a800000|100%| E|CS|TAMS 0x000000008a700000, 0x000000008a700000| Complete 
| 138|0x000000008a800000, 0x000000008a900000, 0x000000008a900000|100%| E|CS|TAMS 0x000000008a800000, 0x000000008a800000| Complete 
| 139|0x000000008a900000, 0x000000008aa00000, 0x000000008aa00000|100%| E|CS|TAMS 0x000000008a900000, 0x000000008a900000| Complete 
| 140|0x000000008aa00000, 0x000000008ab00000, 0x000000008ab00000|100%| E|CS|TAMS 0x000000008aa00000, 0x000000008aa00000| Complete 
| 141|0x000000008ab00000, 0x000000008ac00000, 0x000000008ac00000|100%| E|CS|TAMS 0x000000008ab00000, 0x000000008ab00000| Complete 
| 142|0x000000008ac00000, 0x000000008ad00000, 0x000000008ad00000|100%| E|CS|TAMS 0x000000008ac00000, 0x000000008ac00000| Complete 
| 143|0x000000008ad00000, 0x000000008ae00000, 0x000000008ae00000|100%| E|CS|TAMS 0x000000008ad00000, 0x000000008ad00000| Complete 
| 144|0x000000008ae00000, 0x000000008af00000, 0x000000008af00000|100%| E|CS|TAMS 0x000000008ae00000, 0x000000008ae00000| Complete 
| 145|0x000000008af00000, 0x000000008b000000, 0x000000008b000000|100%| E|CS|TAMS 0x000000008af00000, 0x000000008af00000| Complete 
| 146|0x000000008b000000, 0x000000008b100000, 0x000000008b100000|100%| E|CS|TAMS 0x000000008b000000, 0x000000008b000000| Complete 
| 147|0x000000008b100000, 0x000000008b200000, 0x000000008b200000|100%| E|CS|TAMS 0x000000008b100000, 0x000000008b100000| Complete 
| 148|0x000000008b200000, 0x000000008b300000, 0x000000008b300000|100%| E|CS|TAMS 0x000000008b200000, 0x000000008b200000| Complete 
| 149|0x000000008b300000, 0x000000008b400000, 0x000000008b400000|100%| E|CS|TAMS 0x000000008b300000, 0x000000008b300000| Complete 
| 150|0x000000008b400000, 0x000000008b500000, 0x000000008b500000|100%| E|CS|TAMS 0x000000008b400000, 0x000000008b400000| Complete 
| 151|0x000000008b500000, 0x000000008b600000, 0x000000008b600000|100%| E|CS|TAMS 0x000000008b500000, 0x000000008b500000| Complete 
| 152|0x000000008b600000, 0x000000008b700000, 0x000000008b700000|100%| E|CS|TAMS 0x000000008b600000, 0x000000008b600000| Complete 
| 153|0x000000008b700000, 0x000000008b800000, 0x000000008b800000|100%| E|CS|TAMS 0x000000008b700000, 0x000000008b700000| Complete 

Card table byte_map: [0x000002256b280000,0x000002256b680000] _byte_map_base: 0x000002256ae71000

Marking Bits (Prev, Next): (CMBitMap*) 0x00000225583d72d8, (CMBitMap*) 0x00000225583d7310
 Prev Bits: [0x000002256ba80000, 0x000002256da08000)
 Next Bits: [0x000002256da10000, 0x000002256f998000)

Polling page: 0x0000022556320000

Metaspace:

Usage:
  Non-class:     42.90 MB capacity,    42.65 MB (>99%) used,   186.48 KB ( <1%) free+waste,    72.25 KB ( <1%) overhead. 
      Class:      5.85 MB capacity,     5.66 MB ( 97%) used,   165.47 KB (  3%) free+waste,    30.13 KB ( <1%) overhead. 
       Both:     48.75 MB capacity,    48.31 MB (>99%) used,   351.95 KB ( <1%) free+waste,   102.38 KB ( <1%) overhead. 

Virtual space:
  Non-class space:       44.00 MB reserved,      42.92 MB ( 98%) committed 
      Class space:        1.00 GB reserved,       5.98 MB ( <1%) committed 
             Both:        1.04 GB reserved,      48.90 MB (  5%) committed 

Chunk freelists:
   Non-Class:  21.00 KB
       Class:  28.00 KB
        Both:  49.00 KB

MaxMetaspaceSize: 17179869184.00 GB
CompressedClassSpaceSize: 1.00 GB

CodeHeap 'non-profiled nmethods': size=120064Kb used=2140Kb max_used=2140Kb free=117924Kb
 bounds [0x0000022563940000, 0x0000022563bb0000, 0x000002256ae80000]
CodeHeap 'profiled nmethods': size=120000Kb used=10939Kb max_used=10939Kb free=109061Kb
 bounds [0x000002255c410000, 0x000002255cec0000, 0x0000022563940000]
CodeHeap 'non-nmethods': size=5696Kb used=1156Kb max_used=1203Kb free=4539Kb
 bounds [0x000002255be80000, 0x000002255c0f0000, 0x000002255c410000]
 total_blobs=5815 nmethods=5324 adapters=401
 compilation: enabled
              stopped_count=0, restarted_count=0
 full_count=0

Compilation events (20 events):
Event: 6.666 Thread 0x0000022571eba000 nmethod 5355 0x000002255ceb4d90 code [0x000002255ceb5200, 0x000002255ceb7398]
Event: 6.666 Thread 0x0000022571eba000 5358       3       org.jetbrains.kotlin.resolve.bindingContextUtil.BindingContextUtilsKt::isUsedAsExpression (39 bytes)
Event: 6.667 Thread 0x0000022571eba000 nmethod 5358 0x000002255ceb7e10 code [0x000002255ceb8080, 0x000002255ceb88d8]
Event: 6.667 Thread 0x0000022571eba000 5356       3       org.jetbrains.kotlin.cfg.pseudocode.PseudocodeUtilsKt::getSideEffectFree (20 bytes)
Event: 6.668 Thread 0x0000022571eba000 nmethod 5356 0x000002255ceb8c10 code [0x000002255ceb8e80, 0x000002255ceb9858]
Event: 6.668 Thread 0x0000022571eba000 5357       3       org.jetbrains.kotlin.cfg.pseudocode.PseudocodeImpl::isSideEffectFree (16 bytes)
Event: 6.668 Thread 0x0000022571eba000 nmethod 5357 0x000002255ceb9c10 code [0x000002255ceb9e00, 0x000002255ceba198]
Event: 6.668 Thread 0x0000022571eba000 5359       3       org.jetbrains.kotlin.cfg.ControlFlowInformationProvider$checkIfExpressions$1::invoke (12 bytes)
Event: 6.669 Thread 0x0000022571eba000 nmethod 5359 0x000002255ceba310 code [0x000002255ceba4e0, 0x000002255ceba728]
Event: 6.669 Thread 0x0000022571eba000 5360       3       org.jetbrains.kotlin.cfg.ControlFlowInformationProvider$checkIfExpressions$1::invoke (186 bytes)
Event: 6.671 Thread 0x0000022571eba000 nmethod 5360 0x000002255ceba810 code [0x000002255cebaca0, 0x000002255cebd2a8]
Event: 6.672 Thread 0x0000022571eba000 5361       3       org.jetbrains.kotlin.cfg.pseudocode.instructions.eval.ReadValueInstruction::getOutputValue (12 bytes)
Event: 6.672 Thread 0x0000022571eba000 nmethod 5361 0x000002255cebde10 code [0x000002255cebe020, 0x000002255cebe508]
Event: 6.673 Thread 0x0000022571eba000 5362       1       org.jetbrains.kotlin.cfg.pseudocode.instructions.eval.OperationInstruction::getOutputValue (5 bytes)
Event: 6.673 Thread 0x0000022571eba000 nmethod 5362 0x0000022563b56a10 code [0x0000022563b56bc0, 0x0000022563b56c78]
Event: 6.674 Thread 0x0000022571eba000 5363       3       org.jetbrains.kotlin.cfg.ControlFlowInformationProvider$checkWhenExpressions$1::invoke (12 bytes)
Event: 6.674 Thread 0x0000022571eba000 nmethod 5363 0x000002255cebe710 code [0x000002255cebe8e0, 0x000002255cebeb28]
Event: 6.675 Thread 0x0000022571eba000 5364       1       org.jetbrains.kotlin.cfg.pseudocode.instructions.eval.MagicInstruction::getKind (5 bytes)
Event: 6.675 Thread 0x0000022571eba000 nmethod 5364 0x0000022563b56d10 code [0x0000022563b56ec0, 0x0000022563b56f78]
Event: 6.675 Thread 0x0000022571eba000 5365       3       org.jetbrains.kotlin.cfg.ControlFlowInformationProvider$checkWhenExpressions$1::invoke (828 bytes)

GC Heap History (10 events):
Event: 0.611 GC heap before
{Heap before GC invocations=0 (full 0):
 garbage-first heap   total 131072K, used 16384K [0x0000000081e00000, 0x0000000100000000)
  region size 1024K, 14 young (14336K), 0 survivors (0K)
 Metaspace       used 9869K, capacity 9994K, committed 10240K, reserved 1058816K
  class space    used 890K, capacity 927K, committed 1024K, reserved 1048576K
}
Event: 0.614 GC heap after
{Heap after GC invocations=1 (full 0):
 garbage-first heap   total 131072K, used 5236K [0x0000000081e00000, 0x0000000100000000)
  region size 1024K, 2 young (2048K), 2 survivors (2048K)
 Metaspace       used 9869K, capacity 9994K, committed 10240K, reserved 1058816K
  class space    used 890K, capacity 927K, committed 1024K, reserved 1048576K
}
Event: 1.742 GC heap before
{Heap before GC invocations=1 (full 0):
 garbage-first heap   total 131072K, used 47220K [0x0000000081e00000, 0x0000000100000000)
  region size 1024K, 44 young (45056K), 2 survivors (2048K)
 Metaspace       used 20911K, capacity 21136K, committed 21296K, reserved 1069056K
  class space    used 2243K, capacity 2344K, committed 2432K, reserved 1048576K
}
Event: 1.759 GC heap after
{Heap after GC invocations=2 (full 0):
 garbage-first heap   total 131072K, used 9410K [0x0000000081e00000, 0x0000000100000000)
  region size 1024K, 7 young (7168K), 7 survivors (7168K)
 Metaspace       used 20911K, capacity 21136K, committed 21296K, reserved 1069056K
  class space    used 2243K, capacity 2344K, committed 2432K, reserved 1048576K
}
Event: 2.811 GC heap before
{Heap before GC invocations=3 (full 0):
 garbage-first heap   total 131072K, used 60610K [0x0000000081e00000, 0x0000000100000000)
  region size 1024K, 51 young (52224K), 7 survivors (7168K)
 Metaspace       used 30000K, capacity 30311K, committed 30384K, reserved 1077248K
  class space    used 3418K, capacity 3550K, committed 3584K, reserved 1048576K
}
Event: 2.834 GC heap after
{Heap after GC invocations=4 (full 0):
 garbage-first heap   total 131072K, used 17525K [0x0000000081e00000, 0x0000000100000000)
  region size 1024K, 7 young (7168K), 7 survivors (7168K)
 Metaspace       used 30000K, capacity 30311K, committed 30384K, reserved 1077248K
  class space    used 3418K, capacity 3550K, committed 3584K, reserved 1048576K
}
Event: 3.369 GC heap before
{Heap before GC invocations=4 (full 0):
 garbage-first heap   total 131072K, used 43125K [0x0000000081e00000, 0x0000000100000000)
  region size 1024K, 33 young (33792K), 7 survivors (7168K)
 Metaspace       used 35517K, capacity 35804K, committed 35888K, reserved 1081344K
  class space    used 4296K, capacity 4420K, committed 4480K, reserved 1048576K
}
Event: 3.385 GC heap after
{Heap after GC invocations=5 (full 0):
 garbage-first heap   total 131072K, used 19218K [0x0000000081e00000, 0x0000000100000000)
  region size 1024K, 2 young (2048K), 2 survivors (2048K)
 Metaspace       used 35517K, capacity 35804K, committed 35888K, reserved 1081344K
  class space    used 4296K, capacity 4420K, committed 4480K, reserved 1048576K
}
Event: 5.517 GC heap before
{Heap before GC invocations=6 (full 0):
 garbage-first heap   total 131072K, used 94994K [0x0000000081e00000, 0x0000000100000000)
  region size 1024K, 76 young (77824K), 2 survivors (2048K)
 Metaspace       used 46935K, capacity 47378K, committed 47516K, reserved 1091584K
  class space    used 5607K, capacity 5786K, committed 5868K, reserved 1048576K
}
Event: 5.537 GC heap after
{Heap after GC invocations=7 (full 0):
 garbage-first heap   total 157696K, used 25716K [0x0000000081e00000, 0x0000000100000000)
  region size 1024K, 9 young (9216K), 9 survivors (9216K)
 Metaspace       used 46935K, capacity 47378K, committed 47516K, reserved 1091584K
  class space    used 5607K, capacity 5786K, committed 5868K, reserved 1048576K
}

Deoptimization events (20 events):
Event: 6.492 Thread 0x0000022558397800 Uncommon trap: trap_request=0xffffff4d fr.pc=0x0000022563a47d58 relative=0x0000000000000098
Event: 6.492 Thread 0x0000022558397800 Uncommon trap: reason=unstable_if action=reinterpret pc=0x0000022563a47d58 method=gnu.trove.TObjectHash.computeHashCode(Ljava/lang/Object;)I @ 1 c2
Event: 6.492 Thread 0x0000022558397800 DEOPT PACKING pc=0x0000022563a47d58 sp=0x0000008c37efe0e0
Event: 6.492 Thread 0x0000022558397800 DEOPT UNPACKING pc=0x000002255bea78af sp=0x0000008c37efe070 mode 2
Event: 6.493 Thread 0x0000022558397800 Uncommon trap: trap_request=0xffffffde fr.pc=0x0000022563b31964 relative=0x0000000000000ba4
Event: 6.493 Thread 0x0000022558397800 Uncommon trap: reason=class_check action=maybe_recompile pc=0x0000022563b31964 method=org.jetbrains.kotlin.util.slicedMap.SlicedMapImpl.put(Lorg/jetbrains/kotlin/util/slicedMap/WritableSlice;Ljava/lang/Object;Ljava/lang/Object;)V @ 3 c2
Event: 6.493 Thread 0x0000022558397800 DEOPT PACKING pc=0x0000022563b31964 sp=0x0000008c37efe100
Event: 6.493 Thread 0x0000022558397800 DEOPT UNPACKING pc=0x000002255bea78af sp=0x0000008c37efe0c0 mode 2
Event: 6.493 Thread 0x0000022558397800 Uncommon trap: trap_request=0xffffffde fr.pc=0x0000022563b31964 relative=0x0000000000000ba4
Event: 6.493 Thread 0x0000022558397800 Uncommon trap: reason=class_check action=maybe_recompile pc=0x0000022563b31964 method=org.jetbrains.kotlin.util.slicedMap.SlicedMapImpl.put(Lorg/jetbrains/kotlin/util/slicedMap/WritableSlice;Ljava/lang/Object;Ljava/lang/Object;)V @ 3 c2
Event: 6.493 Thread 0x0000022558397800 DEOPT PACKING pc=0x0000022563b31964 sp=0x0000008c37efe100
Event: 6.493 Thread 0x0000022558397800 DEOPT UNPACKING pc=0x000002255bea78af sp=0x0000008c37efe0c0 mode 2
Event: 6.501 Thread 0x0000022558397800 Uncommon trap: trap_request=0xffffffde fr.pc=0x0000022563b31964 relative=0x0000000000000ba4
Event: 6.501 Thread 0x0000022558397800 Uncommon trap: reason=class_check action=maybe_recompile pc=0x0000022563b31964 method=org.jetbrains.kotlin.util.slicedMap.SlicedMapImpl.put(Lorg/jetbrains/kotlin/util/slicedMap/WritableSlice;Ljava/lang/Object;Ljava/lang/Object;)V @ 3 c2
Event: 6.501 Thread 0x0000022558397800 DEOPT PACKING pc=0x0000022563b31964 sp=0x0000008c37efe170
Event: 6.501 Thread 0x0000022558397800 DEOPT UNPACKING pc=0x000002255bea78af sp=0x0000008c37efe130 mode 2
Event: 6.508 Thread 0x0000022558397800 Uncommon trap: trap_request=0xffffffde fr.pc=0x0000022563b31964 relative=0x0000000000000ba4
Event: 6.508 Thread 0x0000022558397800 Uncommon trap: reason=class_check action=maybe_recompile pc=0x0000022563b31964 method=org.jetbrains.kotlin.util.slicedMap.SlicedMapImpl.put(Lorg/jetbrains/kotlin/util/slicedMap/WritableSlice;Ljava/lang/Object;Ljava/lang/Object;)V @ 3 c2
Event: 6.508 Thread 0x0000022558397800 DEOPT PACKING pc=0x0000022563b31964 sp=0x0000008c37efe0f0
Event: 6.508 Thread 0x0000022558397800 DEOPT UNPACKING pc=0x000002255bea78af sp=0x0000008c37efe0b0 mode 2

Classes redefined (0 events):
No events

Internal exceptions (20 events):
Event: 1.678 Thread 0x0000022558397800 Exception <a 'java/lang/NoSuchMethodError'{0x000000008732a988}: 'java.lang.Object java.lang.invoke.DirectMethodHandle$Holder.invokeStatic(java.lang.Object, java.lang.Object, java.lang.Object, java.lang.Object, int)'> (0x000000008732a988) thrown at [./src/hotspot/share/interpreter/linkResolver.cpp, line 773]
Event: 1.842 Thread 0x0000022558397800 Exception <a 'java/lang/NoSuchMethodError'{0x0000000089b74070}: 'void java.lang.invoke.DirectMethodHandle$Holder.invokeVirtual(java.lang.Object, java.lang.Object)'> (0x0000000089b74070) thrown at [./src/hotspot/share/interpreter/linkResolver.cpp, line 773]
Event: 1.847 Thread 0x0000022558397800 Exception <a 'java/lang/NoSuchMethodError'{0x0000000089b9d6d0}: 'void java.lang.invoke.DirectMethodHandle$Holder.invokeSpecial(java.lang.Object, java.lang.Object)'> (0x0000000089b9d6d0) thrown at [./src/hotspot/share/interpreter/linkResolver.cpp, line 773]
Event: 1.891 Thread 0x0000022558397800 Exception <a 'java/lang/NoSuchMethodError'{0x000000008999e768}: 'void java.lang.invoke.DirectMethodHandle$Holder.invokeStaticInit(java.lang.Object, java.lang.Object)'> (0x000000008999e768) thrown at [./src/hotspot/share/interpreter/linkResolver.cpp, line 773]
Event: 1.902 Thread 0x0000022558397800 Exception <a 'java/lang/NoSuchMethodError'{0x00000000899dd1b8}: 'void java.lang.invoke.DirectMethodHandle$Holder.invokeInterface(java.lang.Object, java.lang.Object)'> (0x00000000899dd1b8) thrown at [./src/hotspot/share/interpreter/linkResolver.cpp, line 773]
Event: 1.989 Thread 0x0000022558397800 Exception <a 'java/lang/NoSuchMethodError'{0x0000000089556ab8}: 'int java.lang.invoke.DirectMethodHandle$Holder.invokeVirtual(java.lang.Object, java.lang.Object)'> (0x0000000089556ab8) thrown at [./src/hotspot/share/interpreter/linkResolver.cpp, line 773]
Event: 2.546 Thread 0x0000022558397800 Exception <a 'java/lang/NoSuchMethodError'{0x0000000087c43d10}: 'java.lang.Object java.lang.invoke.DirectMethodHandle$Holder.invokeVirtual(java.lang.Object, java.lang.Object, java.lang.Object)'> (0x0000000087c43d10) thrown at [./src/hotspot/share/interpreter/linkResolver.cpp, line 773]
Event: 3.499 Thread 0x0000022558397800 Exception <a 'java/lang/NoSuchMethodError'{0x0000000089bc5a40}: 'java.lang.Object java.lang.invoke.Invokers$Holder.linkToTargetMethod(java.lang.Object, int, java.lang.Object)'> (0x0000000089bc5a40) thrown at [./src/hotspot/share/interpreter/linkResolver.cpp, line 773]
Event: 4.247 Thread 0x0000022558397800 Exception <a 'java/lang/NoSuchMethodError'{0x00000000870c84a0}: 'void java.lang.invoke.DirectMethodHandle$Holder.invokeStatic(java.lang.Object, java.lang.Object, java.lang.Object, java.lang.Object)'> (0x00000000870c84a0) thrown at [./src/hotspot/share/interpreter/linkResolver.cpp, line 773]
Event: 4.570 Thread 0x0000022558397800 Exception <a 'java/lang/NoSuchMethodError'{0x00000000866d18e8}: 'java.lang.Object java.lang.invoke.Invokers$Holder.linkToTargetMethod(java.lang.Object, java.lang.Object, java.lang.Object, java.lang.Object, java.lang.Object, java.lang.Object)'> (0x00000000866d18e8) thrown at [./src/hotspot/share/interpreter/linkResolver.cpp, line 773]
Event: 4.648 Thread 0x0000022558397800 Implicit null exception at 0x0000022563a3564c to 0x0000022563a35728
Event: 4.805 Thread 0x0000022558397800 Implicit null exception at 0x000002256399b9de to 0x000002256399c14a
Event: 4.856 Thread 0x0000022558397800 Exception <a 'java/lang/NoSuchMethodError'{0x0000000085f37578}: 'java.lang.Object java.lang.invoke.DirectMethodHandle$Holder.invokeInterface(java.lang.Object, java.lang.Object, java.lang.Object)'> (0x0000000085f37578) thrown at [./src/hotspot/share/interpreter/linkResolver.cpp, line 773]
Event: 4.857 Thread 0x0000022558397800 Exception <a 'java/lang/IncompatibleClassChangeError'{0x0000000085f3a7a8}: Found class java.lang.Object, but interface was expected> (0x0000000085f3a7a8) thrown at [./src/hotspot/share/interpreter/linkResolver.cpp, line 839]
Event: 5.054 Thread 0x0000022558397800 Exception <a 'java/lang/NoSuchMethodError'{0x000000008593b4f0}: 'java.lang.Object java.lang.invoke.DirectMethodHandle$Holder.invokeStatic(java.lang.Object, int, java.lang.Object, java.lang.Object)'> (0x000000008593b4f0) thrown at [./src/hotspot/share/interpreter/linkResolver.cpp, line 773]
Event: 5.055 Thread 0x0000022558397800 Exception <a 'java/lang/NoSuchMethodError'{0x0000000085945b88}: 'int java.lang.invoke.DirectMethodHandle$Holder.invokeInterface(java.lang.Object, java.lang.Object)'> (0x0000000085945b88) thrown at [./src/hotspot/share/interpreter/linkResolver.cpp, line 773]
Event: 5.076 Thread 0x0000022558397800 Exception <a 'java/lang/NoSuchMethodError'{0x00000000859c5658}: 'java.lang.Object java.lang.invoke.Invokers$Holder.linkToTargetMethod(java.lang.Object, java.lang.Object, java.lang.Object, java.lang.Object, java.lang.Object, java.lang.Object, java.lang.Object)'> (0x00000000859c5658) thrown at [./src/hotspot/share/interpreter/linkResolver.cpp, line 773]
Event: 5.335 Thread 0x0000022558397800 Exception <a 'java/lang/NoSuchMethodError'{0x000000008533e100}: 'java.lang.Object java.lang.invoke.DirectMethodHandle$Holder.invokeStaticInit(java.lang.Object, java.lang.Object, java.lang.Object)'> (0x000000008533e100) thrown at [./src/hotspot/share/interpreter/linkResolver.cpp, line 773]
Event: 6.481 Thread 0x0000022558397800 Implicit null exception at 0x0000022563992975 to 0x0000022563992b3c
Event: 6.492 Thread 0x0000022558397800 Implicit null exception at 0x0000022563a47cec to 0x0000022563a47d4a

Events (20 events):
Event: 6.551 loading class org/jetbrains/kotlin/cfg/pseudocode/instructions/jumps/UnconditionalJumpInstruction
Event: 6.551 loading class org/jetbrains/kotlin/cfg/pseudocode/instructions/jumps/UnconditionalJumpInstruction done
Event: 6.559 loading class org/jetbrains/kotlin/cfg/ControlFlowBuilder$PredefinedOperation
Event: 6.559 loading class org/jetbrains/kotlin/cfg/ControlFlowBuilder$PredefinedOperation done
Event: 6.561 loading class org/jetbrains/kotlin/cfg/pseudocode/ControlFlowInstructionsGenerator$ControlFlowInstructionsGeneratorWorker$WhenMappings
Event: 6.561 loading class org/jetbrains/kotlin/cfg/pseudocode/ControlFlowInstructionsGenerator$ControlFlowInstructionsGeneratorWorker$WhenMappings done
Event: 6.584 loading class org/jetbrains/kotlin/cfg/ControlFlowProcessor$CFPVisitor$FinallyBlockGenerator
Event: 6.584 loading class org/jetbrains/kotlin/cfg/ControlFlowProcessor$CFPVisitor$FinallyBlockGenerator done
Event: 6.585 loading class org/jetbrains/kotlin/cfg/ControlFlowProcessor$CatchFinallyLabels
Event: 6.585 loading class org/jetbrains/kotlin/cfg/ControlFlowProcessor$CatchFinallyLabels done
Event: 6.615 loading class org/jetbrains/kotlin/cfg/variable/PseudocodeVariableDataCollector$filterOutVariablesOutOfScope$1
Event: 6.615 loading class org/jetbrains/kotlin/cfg/variable/PseudocodeVariableDataCollector$filterOutVariablesOutOfScope$1 done
Event: 6.622 loading class org/jetbrains/kotlin/cfg/pseudocode/instructions/special/InlinedLocalFunctionDeclarationInstruction
Event: 6.622 loading class org/jetbrains/kotlin/cfg/pseudocode/instructions/special/InlinedLocalFunctionDeclarationInstruction done
Event: 6.625 loading class org/jetbrains/kotlin/resolve/scopes/receivers/ClassValueReceiver
Event: 6.625 loading class org/jetbrains/kotlin/resolve/scopes/receivers/ClassValueReceiver done
Event: 6.626 Executing VM operation: Deoptimize
Event: 6.626 Executing VM operation: Deoptimize done
Event: 6.631 loading class org/jetbrains/kotlin/cfg/variable/PseudocodeVariablesData$WhenMappings
Event: 6.631 loading class org/jetbrains/kotlin/cfg/variable/PseudocodeVariablesData$WhenMappings done


Dynamic libraries:
0x00007ff748540000 - 0x00007ff74854a000 	C:\Program Files\Android\Android Studio\jre\bin\java.exe
0x00007fff955f0000 - 0x00007fff957e5000 	C:\WINDOWS\SYSTEM32\ntdll.dll
0x00007fff93650000 - 0x00007fff9370e000 	C:\WINDOWS\System32\KERNEL32.DLL
0x00007fff92ec0000 - 0x00007fff93188000 	C:\WINDOWS\System32\KERNELBASE.dll
0x00007fff93490000 - 0x00007fff93590000 	C:\WINDOWS\System32\ucrtbase.dll
0x00007fff8d500000 - 0x00007fff8d517000 	C:\Program Files\Android\Android Studio\jre\bin\VCRUNTIME140.dll
0x00007fff8db80000 - 0x00007fff8db99000 	C:\Program Files\Android\Android Studio\jre\bin\jli.dll
0x00007fff93710000 - 0x00007fff938b1000 	C:\WINDOWS\System32\USER32.dll
0x00007fff93220000 - 0x00007fff93242000 	C:\WINDOWS\System32\win32u.dll
0x00007fff7e500000 - 0x00007fff7e79a000 	C:\WINDOWS\WinSxS\amd64_microsoft.windows.common-controls_6595b64144ccf1df_6.0.19041.1110_none_60b5254171f9507e\COMCTL32.dll
0x00007fff94520000 - 0x00007fff9454b000 	C:\WINDOWS\System32\GDI32.dll
0x00007fff93d00000 - 0x00007fff93d9e000 	C:\WINDOWS\System32\msvcrt.dll
0x00007fff92d00000 - 0x00007fff92e0d000 	C:\WINDOWS\System32\gdi32full.dll
0x00007fff93590000 - 0x00007fff9362d000 	C:\WINDOWS\System32\msvcp_win.dll
0x00007fff93970000 - 0x00007fff939a0000 	C:\WINDOWS\System32\IMM32.DLL
0x00007fff862c0000 - 0x00007fff8635d000 	C:\Program Files\Android\Android Studio\jre\bin\msvcp140.dll
0x00007fff50070000 - 0x00007fff50b3f000 	C:\Program Files\Android\Android Studio\jre\bin\server\jvm.dll
0x00007fff94d60000 - 0x00007fff94e0c000 	C:\WINDOWS\System32\ADVAPI32.dll
0x00007fff95430000 - 0x00007fff954cb000 	C:\WINDOWS\System32\sechost.dll
0x00007fff952f0000 - 0x00007fff9541a000 	C:\WINDOWS\System32\RPCRT4.dll
0x00007fff93bc0000 - 0x00007fff93bc8000 	C:\WINDOWS\System32\PSAPI.DLL
0x00007fff90500000 - 0x00007fff90509000 	C:\WINDOWS\SYSTEM32\WSOCK32.dll
0x00007fff7d440000 - 0x00007fff7d467000 	C:\WINDOWS\SYSTEM32\WINMM.dll
0x00007fff86b50000 - 0x00007fff86b5a000 	C:\WINDOWS\SYSTEM32\VERSION.dll
0x00007fff94400000 - 0x00007fff9446b000 	C:\WINDOWS\System32\WS2_32.dll
0x00007fff90bf0000 - 0x00007fff90c02000 	C:\WINDOWS\SYSTEM32\kernel.appcore.dll
0x00007fff8cef0000 - 0x00007fff8cf01000 	C:\Program Files\Android\Android Studio\jre\bin\verify.dll
0x00007fff82fb0000 - 0x00007fff83194000 	C:\WINDOWS\SYSTEM32\DBGHELP.DLL
0x00007fff82d60000 - 0x00007fff82d8c000 	C:\WINDOWS\SYSTEM32\dbgcore.DLL
0x00007fff93190000 - 0x00007fff93213000 	C:\WINDOWS\System32\bcryptPrimitives.dll
0x00007fff8cec0000 - 0x00007fff8cee9000 	C:\Program Files\Android\Android Studio\jre\bin\java.dll
0x00007fff90450000 - 0x00007fff9045b000 	C:\Program Files\Android\Android Studio\jre\bin\jimage.dll
0x00007fff8cea0000 - 0x00007fff8ceb8000 	C:\Program Files\Android\Android Studio\jre\bin\zip.dll
0x00007fff94610000 - 0x00007fff94d54000 	C:\WINDOWS\System32\SHELL32.dll
0x00007fff90df0000 - 0x00007fff91584000 	C:\WINDOWS\SYSTEM32\windows.storage.dll
0x00007fff93e20000 - 0x00007fff94175000 	C:\WINDOWS\System32\combase.dll
0x00007fff92750000 - 0x00007fff9277e000 	C:\WINDOWS\SYSTEM32\Wldp.dll
0x00007fff94470000 - 0x00007fff9451d000 	C:\WINDOWS\System32\SHCORE.dll
0x00007fff95290000 - 0x00007fff952e5000 	C:\WINDOWS\System32\shlwapi.dll
0x00007fff92c40000 - 0x00007fff92c5f000 	C:\WINDOWS\SYSTEM32\profapi.dll
0x00007fff8cd70000 - 0x00007fff8cd8a000 	C:\Program Files\Android\Android Studio\jre\bin\net.dll
0x00007fff86e40000 - 0x00007fff86f4c000 	C:\WINDOWS\SYSTEM32\WINHTTP.dll
0x00007fff924b0000 - 0x00007fff9251a000 	C:\WINDOWS\system32\mswsock.dll
0x00007fff862a0000 - 0x00007fff862b4000 	C:\Program Files\Android\Android Studio\jre\bin\nio.dll

dbghelp: loaded successfully - version: 4.0.5 - missing functions: none
symbol engine: initialized successfully - sym options: 0x614 - pdb path: .;C:\Program Files\Android\Android Studio\jre\bin;C:\WINDOWS\SYSTEM32;C:\WINDOWS\WinSxS\amd64_microsoft.windows.common-controls_6595b64144ccf1df_6.0.19041.1110_none_60b5254171f9507e;C:\Program Files\Android\Android Studio\jre\bin\server

VM Arguments:
java_command: org.jetbrains.kotlin.cli.jvm.K2JVMCompiler -Xallow-no-source-files -classpath C:\Users\zendaya\AndroidStudioProjects\GummiesKE\build\fluttertoast\intermediates\compile_r_class_jar\debug\R.jar;C:\Users\zendaya\.gradle\caches\transforms-2\files-2.1\b4427d934d40683015263901abb59293\jetified-flutter_embedding_debug-1.0.0-d3ea636dc5d16b56819f3266241e1f708979c233.jar;C:\Users\zendaya\.gradle\caches\modules-2\files-2.1\androidx.lifecycle\lifecycle-common-java8\2.2.0\cd3478503da69b1a7e0319bd2d1389943db9b364\lifecycle-common-java8-2.2.0.jar;C:\Users\zendaya\.gradle\caches\transforms-2\files-2.1\31240ef1ae7e0365e6321699dbee624b\fragment-1.1.0-api.jar;C:\Users\zendaya\.gradle\caches\transforms-2\files-2.1\cc0c54d8dd10de04ecda814197633d8e\jetified-activity-1.0.0-api.jar;C:\Users\zendaya\.gradle\caches\transforms-2\files-2.1\1a56cb1680709fa74c1e508e03dec561\viewpager-1.0.0-api.jar;C:\Users\zendaya\.gradle\caches\transforms-2\files-2.1\694551794b2cc74a9b1b00398ddd5ef8\loader-1.0.0-api.jar;C:\Users\zendaya\.gradle\caches\transforms-2\files-2.1\e661fda004dfb1a4dca45a145fecd638\customview-1.0.0-api.jar;C:\Users\zendaya\.gradle\caches\transforms-2\files-2.1\8cbddcd0666f6a808f43c5273d8b1e81\core-1.1.0-api.jar;C:\Users\zendaya\.gradle\caches\transforms-2\files-2.1\d9e80541c77196ed6414b8ed2324cd38\lifecycle-runtime-2.2.0-api.jar;C:\Users\zendaya\.gradle\caches\transforms-2\files-2.1\98a41cd290c2c15eb7cba5f731b79ad4\jetified-savedstate-1.0.0-api.jar;C:\Users\zendaya\.gradle\caches\transforms-2\files-2.1\86cd6fad239680af23eb8ff13790ea09\lifecycle-livedata-2.0.0-api.jar;C:\Users\zendaya\.gradle\caches\transforms-2\files-2.1\33ee64a2c6a5e488f30e1f2b0b675365\lifecycle-livedata-core-2.0.0-api.jar;C:\Users\zendaya\.gradle\caches\modules-2\files-2.1\androidx.lifecycle\lifecycle-common\2.2.0\4ef09a745007778eef83b92f8f23987a8ea59496\lifecycle-common-2.2.0.jar;C:\Users\zendaya\.gradle\caches\transforms-2\files-2.1\353fae10062ae25ce77775e4a7e46aba\core-runtime-2.0.0-api.jar;C:\Users
java_class_path (initial): C:\Users\zendaya\.gradle\caches\modules-2\files-2.1\org.jetbrains.kotlin\kotlin-compiler-embeddable\1.3.50\1251c1768e5769b06c2487d6f6cf8acf6efb8960\kotlin-compiler-embeddable-1.3.50.jar;C:\Users\zendaya\.gradle\caches\modules-2\files-2.1\org.jetbrains.kotlin\kotlin-reflect\1.3.50\b499f22fd7c3e9c2e5b6c4005221fa47fc7f9a7a\kotlin-reflect-1.3.50.jar;C:\Users\zendaya\.gradle\caches\modules-2\files-2.1\org.jetbrains.kotlin\kotlin-stdlib\1.3.50\b529d1738c7e98bbfa36a4134039528f2ce78ebf\kotlin-stdlib-1.3.50.jar;C:\Users\zendaya\.gradle\caches\modules-2\files-2.1\org.jetbrains.kotlin\kotlin-script-runtime\1.3.50\59492b8dfb92522ba0ddb5dd1c4d0ef0a4fca1af\kotlin-script-runtime-1.3.50.jar;C:\Users\zendaya\.gradle\caches\modules-2\files-2.1\org.jetbrains.kotlin\kotlin-daemon-embeddable\1.3.50\5cb93bb33f4c6f833ead0beca4c831668e00cf52\kotlin-daemon-embeddable-1.3.50.jar;C:\Users\zendaya\.gradle\caches\modules-2\files-2.1\org.jetbrains.intellij.deps\trove4j\1.0.20181211\216c2e14b070f334479d800987affe4054cd563f\trove4j-1.0.20181211.jar;C:\Users\zendaya\.gradle\caches\modules-2\files-2.1\org.jetbrains.kotlin\kotlin-stdlib-common\1.3.50\3d9cd3e1bc7b92e95f43d45be3bfbcf38e36ab87\kotlin-stdlib-common-1.3.50.jar;C:\Users\zendaya\.gradle\caches\modules-2\files-2.1\org.jetbrains\annotations\13.0\919f0dfe192fb4e063e7dacadee7f8bb9a2672a9\annotations-13.0.jar
Launcher Type: SUN_STANDARD

[Global flags]
     intx CICompilerCount                          = 3                                         {product} {ergonomic}
     uint ConcGCThreads                            = 1                                         {product} {ergonomic}
     uint G1ConcRefinementThreads                  = 4                                         {product} {ergonomic}
   size_t G1HeapRegionSize                         = 1048576                                   {product} {ergonomic}
    uintx GCDrainStackTargetSize                   = 64                                        {product} {ergonomic}
   size_t InitialHeapSize                          = 134217728                                 {product} {ergonomic}
   size_t MarkStackSize                            = 4194304                                   {product} {ergonomic}
   size_t MaxHeapSize                              = 2116026368                                {product} {ergonomic}
   size_t MaxNewSize                               = 1268776960                                {product} {ergonomic}
   size_t MinHeapDeltaBytes                        = 1048576                                   {product} {ergonomic}
    uintx NonNMethodCodeHeapSize                   = 5830732                                {pd product} {ergonomic}
    uintx NonProfiledCodeHeapSize                  = 122913754                              {pd product} {ergonomic}
    uintx ProfiledCodeHeapSize                     = 122913754                              {pd product} {ergonomic}
    uintx ReservedCodeCacheSize                    = 251658240                              {pd product} {ergonomic}
     bool SegmentedCodeCache                       = true                                      {product} {ergonomic}
     bool UseCompressedClassPointers               = true                                 {lp64_product} {ergonomic}
     bool UseCompressedOops                        = true                                 {lp64_product} {ergonomic}
     bool UseG1GC                                  = true                                      {product} {ergonomic}
     bool UseLargePagesIndividualAllocation        = false                                  {pd product} {ergonomic}

Logging:
Log output configuration:
 #0: stdout all=warning uptime,level,tags
 #1: stderr all=off uptime,level,tags

Environment Variables:
JAVA_HOME=C:\Program Files\Android\Android Studio\jre
CLASSPATH=C:\Users\zendaya\AndroidStudioProjects\GummiesKE\android\\gradle\wrapper\gradle-wrapper.jar
PATH=C:\Program Files\Common Files\Oracle\Java\javapath;C:\WINDOWS\system32;C:\WINDOWS;C:\WINDOWS\System32\Wbem;C:\WINDOWS\System32\WindowsPowerShell\v1.0\;C:\WINDOWS\System32\OpenSSH\;C:\Program Files\Java\jdk-17.0.1\bin;C:\Users\zendaya\AppData\Local\Microsoft\WindowsApps;C:\flutter\bin;C:\Users\zendaya\AppData\Local\Programs\Microsoft VS Code\bin;C:\Users\zendaya\AppData\Local\GitHubDesktop\bin;C:\flutter\bin\mingit\cmd
USERNAME=zendaya
OS=Windows_NT
PROCESSOR_IDENTIFIER=Intel64 Family 6 Model 69 Stepping 1, GenuineIntel



---------------  S Y S T E M  ---------------

OS: Windows 10 , 64 bit Build 19041 (10.0.19041.1348)
OS uptime: 0 days 20:53 hours

CPU:total 4 (initial active 4) (2 cores per cpu, 2 threads per core) family 6 model 69 stepping 1 microcode 0x25, cmov, cx8, fxsr, mmx, sse, sse2, sse3, ssse3, sse4.1, sse4.2, popcnt, avx, avx2, aes, clmul, erms, lzcnt, ht, tsc, tscinvbit, bmi1, bmi2, fma

Memory: 4k page, system-wide physical 8070M (394M free)
TotalPageFile size 13214M (AvailPageFile size 34M)
current process WorkingSet (physical memory assigned to process): 278M, peak: 278M
current process commit charge ("private bytes"): 341M, peak: 343M

vm_info: OpenJDK 64-Bit Server VM (11.0.10+0-b96-7249189) for windows-amd64 JRE (11.0.10+0-b96-7249189), built on Mar 31 2021 21:44:00 by "builder" with MS VC++ 14.0 (VS2015)

END.
